<?xml version="1.0" encoding="UTF-8"?>
<!-- Generated by org.testng.reporters.JUnitReportReporter -->
<testsuite hostname="DESKTOP-M7GVVU2" failures="0" tests="1" name="com.qa.Tests.LoginTest1" time="0.172" errors="0" timestamp="2021-02-14T05:58:54 GMT-08:00" skipped="0">
  <testcase classname="com.qa.Tests.LoginTest1" name="validateLoginIntoTheApplication" time="0.172"/>
  <system-out/>
</testsuite> <!-- com.qa.Tests.LoginTest1 -->
