<?xml version="1.0" encoding="UTF-8"?>
<!-- Generated by org.testng.reporters.JUnitReportReporter -->
<testsuite hostname="DESKTOP-M7GVVU2" failures="0" tests="4" name="com.qa.Tests.LoginTest" time="11.984" errors="0" timestamp="2021-02-17T00:02:40 GMT-08:00" skipped="0">
  <testcase classname="com.qa.Tests.LoginTest" name="verifyLoginPageTitleTest" time="0.411"/>
  <system-out/>
  <testcase classname="com.qa.Tests.LoginTest" name="verifyLoginPageTitleTest" time="0.132"/>
  <system-out/>
  <testcase classname="com.qa.Tests.LoginTest" name="validateLoginIntoTheApplication" time="5.869"/>
  <system-out/>
  <testcase classname="com.qa.Tests.LoginTest" name="validateLoginIntoTheApplication" time="5.572"/>
  <system-out/>
</testsuite> <!-- com.qa.Tests.LoginTest -->
